[0m18:43:15.242159 [debug] [MainThread]: Sending event: {'category': 'dbt', 'action': 'invocation', 'label': 'start', 'context': [<snowplow_tracker.self_describing_json.SelfDescribingJson object at 0x104056d80>, <snowplow_tracker.self_describing_json.SelfDescribingJson object at 0x1046dccb0>, <snowplow_tracker.self_describing_json.SelfDescribingJson object at 0x1046dc920>]}


============================== 18:43:15.250220 | 41b8a78f-0842-42ca-a071-1520bc83bd04 ==============================
[0m18:43:15.250220 [info ] [MainThread]: Running with dbt=1.8.9
[0m18:43:15.250613 [debug] [MainThread]: running dbt with arguments {'printer_width': '80', 'indirect_selection': 'eager', 'log_cache_events': 'False', 'write_json': 'True', 'partial_parse': 'True', 'cache_selected_only': 'False', 'profiles_dir': '/Users/jackson.makl@dataiku.com/.dbt', 'version_check': 'True', 'fail_fast': 'False', 'log_path': 'logs', 'warn_error': 'None', 'debug': 'False', 'use_colors': 'True', 'use_experimental_parser': 'False', 'empty': 'None', 'quiet': 'False', 'no_print': 'None', 'warn_error_options': 'WarnErrorOptions(include=[], exclude=[])', 'introspect': 'True', 'static_parser': 'True', 'invocation_command': 'dbt init gold', 'target_path': 'None', 'log_format': 'default', 'send_anonymous_usage_stats': 'True'}
[0m18:43:15.262651 [warn ] [MainThread]: [ConfigFolderDirectory]: Unable to parse logging event dictionary. Failed to parse dir field: expected string or bytes-like object, got 'PosixPath'.. Dictionary: {'dir': PosixPath('/Users/jackson.makl@dataiku.com/.dbt')}
[0m18:43:15.262925 [info ] [MainThread]: Creating dbt configuration folder at 
[0m18:43:15.265201 [debug] [MainThread]: Starter project path: /Users/jackson.makl@dataiku.com/test567/data-platform-open/deployment/env/lib/python3.12/site-packages/dbt/include/starter_project
[0m18:43:15.280090 [info ] [MainThread]: 
Your new dbt project "gold" was created!

For more information on how to configure the profiles.yml file,
please consult the dbt documentation here:

  https://docs.getdbt.com/docs/configure-your-profile

One more thing:

Need help? Don't hesitate to reach out to us via GitHub issues or on Slack:

  https://community.getdbt.com/

Happy modeling!

[0m18:43:15.280422 [info ] [MainThread]: Setting up your profile.
[0m18:44:50.061891 [info ] [MainThread]: Profile gold written to /Users/jackson.makl@dataiku.com/.dbt/profiles.yml using target's profile_template.yml and your supplied values. Run 'dbt debug' to validate the connection.
[0m18:44:50.079578 [debug] [MainThread]: Resource report: {"command_name": "init", "command_success": true, "command_wall_clock_time": 94.90433, "process_in_blocks": "0", "process_kernel_time": 0.24813, "process_mem_max_rss": "96419840", "process_out_blocks": "0", "process_user_time": 1.073967}
[0m18:44:50.080576 [debug] [MainThread]: Command `dbt init` succeeded at 18:44:50.080424 after 94.91 seconds
[0m18:44:50.081138 [debug] [MainThread]: Sending event: {'category': 'dbt', 'action': 'invocation', 'label': 'end', 'context': [<snowplow_tracker.self_describing_json.SelfDescribingJson object at 0x1046dca70>, <snowplow_tracker.self_describing_json.SelfDescribingJson object at 0x102b8eab0>, <snowplow_tracker.self_describing_json.SelfDescribingJson object at 0x104056d80>]}
[0m18:44:50.081689 [debug] [MainThread]: Flushing usage events
